<?xml version="1.0" encoding="UTF-8"?>
<!-- Generated by org.testng.reporters.JUnitReportReporter -->
<testsuite hostname="DESKTOP-4N6K1OF" failures="0" tests="4" name="pages.classes.TestNG_Prioritization" time="0.051" errors="0" timestamp="2024-09-25T18:42:49 IST" skipped="1">
  <testcase classname="pages.classes.TestNG_Prioritization" name="BMW3Series" time="0.033"/>
  <system-out/>
  <testcase classname="pages.classes.TestNG_Prioritization" name="BMWx3" time="0.005"/>
  <system-out/>
  <testcase classname="pages.classes.TestNG_Prioritization" name="HondaAccord" time="0.013"/>
  <system-out/>
  <testcase classname="pages.classes.TestNG_Prioritization" name="AudiA6">
    <skipped/>
  </testcase> <!-- AudiA6 -->
  <system-out/>
</testsuite> <!-- pages.classes.TestNG_Prioritization -->
