<?xml version="1.0" encoding="UTF-8"?>
<!-- Generated by org.testng.reporters.JUnitReportReporter -->
<testsuite hostname="DESKTOP-4N6K1OF" failures="0" tests="1" name="tutorial.selenium.AutoSuggestion" time="7.580" errors="0" timestamp="2024-09-30T11:42:04 IST" skipped="0">
  <testcase classname="tutorial.selenium.AutoSuggestion" name="handleAutoSuggestions" time="7.580"/>
  <system-out/>
</testsuite> <!-- tutorial.selenium.AutoSuggestion -->
