<?xml version="1.0" encoding="UTF-8"?>
<!-- Generated by org.testng.reporters.JUnitReportReporter -->
<testsuite hostname="DESKTOP-4N6K1OF" failures="0" tests="2" name="tutorial.selenium.TestNG_TestCASe" time="40.510" errors="0" timestamp="2024-09-26T16:47:33 IST" skipped="0">
  <testcase classname="tutorial.selenium.TestNG_TestCASe" name="closeModal" time="4.872"/>
  <system-out/>
  <testcase classname="tutorial.selenium.TestNG_TestCASe" name="checkFlight" time="35.638"/>
  <system-out/>
</testsuite> <!-- tutorial.selenium.TestNG_TestCASe -->
