<?xml version="1.0" encoding="UTF-8"?>
<!-- Generated by org.testng.reporters.JUnitReportReporter -->
<testsuite hostname="DESKTOP-4N6K1OF" failures="0" tests="3" name="pages.classes.TestNG_ReportersAndAsserts" time="0.101" errors="0" timestamp="2024-09-26T10:46:22 IST" skipped="0">
  <testcase classname="pages.classes.TestNG_ReportersAndAsserts" name="testInt" time="0.015"/>
  <system-out>
    <![CDATA[Actual integer is 10
veryifyng actual value with expected value
]]>
  </system-out>
  <testcase classname="pages.classes.TestNG_ReportersAndAsserts" name="testStrings" time="0.012"/>
  <system-out>
    <![CDATA[Actual String is TestReporters and Assrets
veryifyng actual value with expected value
]]>
  </system-out>
  <testcase classname="pages.classes.TestNG_ReportersAndAsserts" name="testArrays" time="0.074"/>
  <system-out>
    <![CDATA[Actual array1 is : [I@5f683daf
Actual array2 is : [I@8317c52
Veryfying array1 and array2
]]>
  </system-out>
</testsuite> <!-- pages.classes.TestNG_ReportersAndAsserts -->
