<?xml version="1.0" encoding="UTF-8"?>
<!-- Generated by org.testng.reporters.JUnitReportReporter -->
<testsuite hostname="DESKTOP-4N6K1OF" failures="0" tests="1" name="pages.classes.TestNG_Grouping" time="0.023" errors="0" timestamp="2024-09-25T17:58:43 IST" skipped="0">
  <testcase classname="pages.classes.TestNG_Grouping" name="AudiA6" time="0.023"/>
  <system-out/>
</testsuite> <!-- pages.classes.TestNG_Grouping -->
