<?xml version="1.0" encoding="UTF-8"?>
<!-- Generated by org.testng.reporters.JUnitReportReporter -->
<testsuite hostname="DESKTOP-4N6K1OF" failures="0" tests="3" name="pages.classes.TestNGParallelAndMultipleBrowser" time="48.717" errors="0" timestamp="2024-09-27T10:43:38 IST" skipped="0">
  <testcase classname="pages.classes.TestNGParallelAndMultipleBrowser" name="closeModal" time="8.473"/>
  <system-out/>
  <testcase classname="pages.classes.TestNGParallelAndMultipleBrowser" name="checkFlight" time="33.768"/>
  <system-out/>
  <testcase classname="pages.classes.TestNGParallelAndMultipleBrowser" name="closeModal" time="6.476"/>
  <system-out/>
</testsuite> <!-- pages.classes.TestNGParallelAndMultipleBrowser -->
