<?xml version="1.0" encoding="UTF-8"?>
<!-- Generated by org.testng.reporters.JUnitReportReporter -->
<testsuite hostname="DESKTOP-4N6K1OF" failures="0" tests="1" name="pages.classes.LoginScriptValidationLetsKodeIt" time="20.423" errors="0" timestamp="2024-09-30T17:22:49 IST" skipped="0">
  <testcase classname="pages.classes.LoginScriptValidationLetsKodeIt" name="takeSS" time="20.423"/>
  <system-out/>
</testsuite> <!-- pages.classes.LoginScriptValidationLetsKodeIt -->
