<?xml version="1.0" encoding="UTF-8"?>
<!-- Generated by org.testng.reporters.JUnitReportReporter -->
<testsuite hostname="DESKTOP-4N6K1OF" failures="0" tests="3" name="pages.classes.TestNG_Parameters" time="38.103" errors="0" timestamp="2024-09-26T18:52:08 IST" skipped="0">
  <testcase classname="pages.classes.TestNG_Parameters" name="checkFlightNew" time="16.212"/>
  <system-out/>
  <testcase classname="pages.classes.TestNG_Parameters" name="closeModal" time="3.688"/>
  <system-out/>
  <testcase classname="pages.classes.TestNG_Parameters" name="checkFlightNew" time="18.203"/>
  <system-out/>
</testsuite> <!-- pages.classes.TestNG_Parameters -->
